c:\lottie\git\glottie\player\out\build\x86-release\glottie.dir\debug\vc142.pdb
c:\lottie\git\glottie\player\out\build\x86-release\glottie.dir\debug\main.obj
c:\lottie\git\glottie\player\out\build\x86-release\cmakefiles\generate.stamp
c:\lottie\git\glottie\player\out\build\x86-release\debug\glottie.ilk
c:\lottie\git\glottie\player\out\build\x86-release\debug\glottie.exe
c:\lottie\git\glottie\player\out\build\x86-release\debug\glottie.pdb
c:\lottie\git\glottie\out\build\x86-release\glottie.dir\debug\main.obj
c:\lottie\git\glottie\out\build\x86-release\glottie.dir\debug\vc142.pdb
c:\lottie\git\glottie\out\build\x86-release\debug\glottie.pdb
c:\lottie\git\glottie\out\build\x86-release\debug\glottie.exe
c:\lottie\git\glottie\out\build\x86-release\debug\glottie.ilk
c:\lottie\git\glottie\out\build\x86-release\glottie.dir\debug\glottie.tlog\cl.command.1.tlog
c:\lottie\git\glottie\out\build\x86-release\glottie.dir\debug\glottie.tlog\cl.read.1.tlog
c:\lottie\git\glottie\out\build\x86-release\glottie.dir\debug\glottie.tlog\cl.write.1.tlog
c:\lottie\git\glottie\out\build\x86-release\glottie.dir\debug\glottie.tlog\custombuild.command.1.tlog
c:\lottie\git\glottie\out\build\x86-release\glottie.dir\debug\glottie.tlog\custombuild.read.1.tlog
c:\lottie\git\glottie\out\build\x86-release\glottie.dir\debug\glottie.tlog\custombuild.write.1.tlog
c:\lottie\git\glottie\out\build\x86-release\glottie.dir\debug\glottie.tlog\link.command.1.tlog
c:\lottie\git\glottie\out\build\x86-release\glottie.dir\debug\glottie.tlog\link.read.1.tlog
c:\lottie\git\glottie\out\build\x86-release\glottie.dir\debug\glottie.tlog\link.write.1.tlog
